  MyShaderLoader.cpp
  work1.cpp
  正在生成代码...
MyShaderLoader.obj : error LNK2001: 无法解析的外部符号 __imp___glewAttachShader
MyShaderLoader.obj : error LNK2001: 无法解析的外部符号 __imp___glewCompileShader
MyShaderLoader.obj : error LNK2001: 无法解析的外部符号 __imp___glewCreateProgram
MyShaderLoader.obj : error LNK2001: 无法解析的外部符号 __imp___glewCreateShader
MyShaderLoader.obj : error LNK2001: 无法解析的外部符号 __imp___glewDeleteShader
MyShaderLoader.obj : error LNK2001: 无法解析的外部符号 __imp___glewGetProgramInfoLog
MyShaderLoader.obj : error LNK2001: 无法解析的外部符号 __imp___glewGetProgramiv
MyShaderLoader.obj : error LNK2001: 无法解析的外部符号 __imp___glewGetShaderInfoLog
MyShaderLoader.obj : error LNK2001: 无法解析的外部符号 __imp___glewGetShaderiv
MyShaderLoader.obj : error LNK2001: 无法解析的外部符号 __imp___glewLinkProgram
MyShaderLoader.obj : error LNK2001: 无法解析的外部符号 __imp___glewShaderSource
work1.obj : error LNK2019: 无法解析的外部符号 glewInit，该符号在函数 main 中被引用
work1.obj : error LNK2019: 无法解析的外部符号 glfwInit，该符号在函数 main 中被引用
work1.obj : error LNK2019: 无法解析的外部符号 glfwTerminate，该符号在函数 main 中被引用
work1.obj : error LNK2019: 无法解析的外部符号 glfwSetErrorCallback，该符号在函数 main 中被引用
work1.obj : error LNK2019: 无法解析的外部符号 glfwWindowHint，该符号在函数 main 中被引用
work1.obj : error LNK2019: 无法解析的外部符号 glfwCreateWindow，该符号在函数 main 中被引用
work1.obj : error LNK2019: 无法解析的外部符号 glfwDestroyWindow，该符号在函数 main 中被引用
work1.obj : error LNK2019: 无法解析的外部符号 glfwWindowShouldClose，该符号在函数 main 中被引用
work1.obj : error LNK2019: 无法解析的外部符号 glfwSetWindowShouldClose，该符号在函数 "void __cdecl key_callback(struct GLFWwindow *,int,int,int,int)" (?key_callback@@YAXPEAUGLFWwindow@@HHHH@Z) 中被引用
work1.obj : error LNK2019: 无法解析的外部符号 glfwGetFramebufferSize，该符号在函数 main 中被引用
work1.obj : error LNK2019: 无法解析的外部符号 glfwPollEvents，该符号在函数 main 中被引用
work1.obj : error LNK2019: 无法解析的外部符号 glfwSetKeyCallback，该符号在函数 main 中被引用
work1.obj : error LNK2019: 无法解析的外部符号 glfwMakeContextCurrent，该符号在函数 main 中被引用
work1.obj : error LNK2019: 无法解析的外部符号 glfwSwapBuffers，该符号在函数 main 中被引用
work1.obj : error LNK2019: 无法解析的外部符号 glfwSwapInterval，该符号在函数 main 中被引用
work1.obj : error LNK2001: 无法解析的外部符号 glewExperimental
E:\图形学工程\21851051-张皓翔\OpenGLStuff\libs\glfw3.lib : warning LNK4272: 库计算机类型“x86”与目标计算机类型“x64”冲突
E:\图形学工程\21851051-张皓翔\OpenGLStuff\libs\glew32d.lib : warning LNK4272: 库计算机类型“x86”与目标计算机类型“x64”冲突
E:\图形学工程\21851051-张皓翔\work1\x64\Debug\work1.exe : fatal error LNK1120: 27 个无法解析的外部命令
